JavaForEverybody/app/build/outputs/logs/manifest-merger-release-report.txt
-- Merging decision tree log ---
manifest
ADDED from src/main/AndroidManifest.xml:2:1-225:12
	package
		ADDED from src/main/AndroidManifest.xml:3:5-47
		INJECTED from src/main/AndroidManifest.xml
		INJECTED from src/main/AndroidManifest.xml
	android:versionName
		INJECTED from src/main/AndroidManifest.xml
		INJECTED from src/main/AndroidManifest.xml
	xmlns:android
		ADDED from src/main/AndroidManifest.xml:2:11-69
	android:versionCode
		INJECTED from src/main/AndroidManifest.xml
		INJECTED from src/main/AndroidManifest.xml
application
ADDED from src/main/AndroidManifest.xml:5:5-223:19
MERGED from [com.android.support:design:23.4.0] AndroidManifest.xml:22:5-20
MERGED from [com.android.support:appcompat-v7:23.4.0] AndroidManifest.xml:25:5-20
MERGED from [com.android.support:animated-vector-drawable:23.4.0] AndroidManifest.xml:7:5-20
MERGED from [com.android.support:support-vector-drawable:23.4.0] AndroidManifest.xml:7:5-20
MERGED from [com.google.firebase:firebase-core:10.2.0] AndroidManifest.xml:5:5-20
MERGED from [com.google.firebase:firebase-analytics:10.2.0] AndroidManifest.xml:24:5-33:19
MERGED from [com.google.firebase:firebase-analytics-impl:10.2.0] AndroidManifest.xml:24:5-28:19
MERGED from [com.google.firebase:firebase-messaging:10.2.0] AndroidManifest.xml:19:5-29:19
MERGED from [com.google.firebase:firebase-iid:10.2.0] AndroidManifest.xml:28:5-50:19
MERGED from [com.google.firebase:firebase-common:10.2.0] AndroidManifest.xml:4:5-7:19
MERGED from [com.google.android.gms:play-services-tasks:10.2.0] AndroidManifest.xml:4:5-19
MERGED from [com.google.android.gms:play-services-basement:10.2.0] AndroidManifest.xml:19:5-21:19
MERGED from [com.android.support:support-v4:24.0.0] AndroidManifest.xml:25:5-20
MERGED from [com.android.support:cardview-v7:23.4.0] AndroidManifest.xml:22:5-20
	android:label
		ADDED from src/main/AndroidManifest.xml:8:9-41
	android:allowBackup
		ADDED from src/main/AndroidManifest.xml:6:9-35
	android:icon
		ADDED from src/main/AndroidManifest.xml:7:9-43
	android:theme
		ADDED from src/main/AndroidManifest.xml:9:9-40
activity#me.shubhamsingh.javaforeverybody.MainActivity
ADDED from src/main/AndroidManifest.xml:10:9-18:20
	android:label
		ADDED from src/main/AndroidManifest.xml:12:13-45
	android:name
		ADDED from src/main/AndroidManifest.xml:11:13-41
intent-filter#android.intent.action.MAIN+android.intent.category.default
ADDED from src/main/AndroidManifest.xml:13:13-17:29
action#android.intent.action.MAIN
ADDED from src/main/AndroidManifest.xml:14:17-69
	android:name
		ADDED from src/main/AndroidManifest.xml:14:25-66
category#android.intent.category.default
ADDED from src/main/AndroidManifest.xml:16:17-76
	android:name
		ADDED from src/main/AndroidManifest.xml:16:27-73
activity#me.shubhamsingh.javaforeverybody.Splash
ADDED from src/main/AndroidManifest.xml:19:9-27:20
	android:theme
		ADDED from src/main/AndroidManifest.xml:21:13-83
	android:name
		ADDED from src/main/AndroidManifest.xml:20:13-35
intent-filter#android.intent.action.MAIN+android.intent.category.LAUNCHER
ADDED from src/main/AndroidManifest.xml:22:13-26:29
category#android.intent.category.LAUNCHER
ADDED from src/main/AndroidManifest.xml:25:17-77
	android:name
		ADDED from src/main/AndroidManifest.xml:25:27-74
activity#me.shubhamsingh.javaforeverybody.Coder
ADDED from src/main/AndroidManifest.xml:28:9-30:86
	android:theme
		ADDED from src/main/AndroidManifest.xml:30:13-83
	android:name
		ADDED from src/main/AndroidManifest.xml:29:13-34
activity#me.shubhamsingh.javaforeverybody.Main2Activity
ADDED from src/main/AndroidManifest.xml:31:9-33:60
	android:label
		ADDED from src/main/AndroidManifest.xml:33:13-57
	android:name
		ADDED from src/main/AndroidManifest.xml:32:13-42
activity#me.shubhamsingh.javaforeverybody.AboutMe
ADDED from src/main/AndroidManifest.xml:34:9-36:86
	android:theme
		ADDED from src/main/AndroidManifest.xml:36:13-83
	android:name
		ADDED from src/main/AndroidManifest.xml:35:13-36
activity#me.shubhamsingh.javaforeverybody.QuesAns
ADDED from src/main/AndroidManifest.xml:37:9-39:63
	android:label
		ADDED from src/main/AndroidManifest.xml:39:13-60
	android:name
		ADDED from src/main/AndroidManifest.xml:38:13-36
activity#me.shubhamsingh.javaforeverybody.QandA_first
ADDED from src/main/AndroidManifest.xml:40:9-42:67
	android:label
		ADDED from src/main/AndroidManifest.xml:42:13-64
	android:name
		ADDED from src/main/AndroidManifest.xml:41:13-40
activity#me.shubhamsingh.javaforeverybody.QandA_second
ADDED from src/main/AndroidManifest.xml:43:9-45:68
	android:label
		ADDED from src/main/AndroidManifest.xml:45:13-65
	android:name
		ADDED from src/main/AndroidManifest.xml:44:13-41
activity#me.shubhamsingh.javaforeverybody.QandA_third
ADDED from src/main/AndroidManifest.xml:46:9-48:67
	android:label
		ADDED from src/main/AndroidManifest.xml:48:13-64
	android:name
		ADDED from src/main/AndroidManifest.xml:47:13-40
activity#me.shubhamsingh.javaforeverybody.QandA_four
ADDED from src/main/AndroidManifest.xml:49:9-51:66
	android:label
		ADDED from src/main/AndroidManifest.xml:51:13-63
	android:name
		ADDED from src/main/AndroidManifest.xml:50:13-39
activity#me.shubhamsingh.javaforeverybody.QandA_fifth
ADDED from src/main/AndroidManifest.xml:52:9-54:67
	android:label
		ADDED from src/main/AndroidManifest.xml:54:13-64
	android:name
		ADDED from src/main/AndroidManifest.xml:53:13-40
activity#me.shubhamsingh.javaforeverybody.QandA_six
ADDED from src/main/AndroidManifest.xml:55:9-57:65
	android:label
		ADDED from src/main/AndroidManifest.xml:57:13-62
	android:name
		ADDED from src/main/AndroidManifest.xml:56:13-38
activity#me.shubhamsingh.javaforeverybody.QandA_seven
ADDED from src/main/AndroidManifest.xml:58:9-60:67
	android:label
		ADDED from src/main/AndroidManifest.xml:60:13-64
	android:name
		ADDED from src/main/AndroidManifest.xml:59:13-40
activity#me.shubhamsingh.javaforeverybody.QandA_eight
ADDED from src/main/AndroidManifest.xml:61:9-63:67
	android:label
		ADDED from src/main/AndroidManifest.xml:63:13-64
	android:name
		ADDED from src/main/AndroidManifest.xml:62:13-40
activity#me.shubhamsingh.javaforeverybody.QandA_nine
ADDED from src/main/AndroidManifest.xml:64:9-66:66
	android:label
		ADDED from src/main/AndroidManifest.xml:66:13-63
	android:name
		ADDED from src/main/AndroidManifest.xml:65:13-39
activity#me.shubhamsingh.javaforeverybody.QandA_ten
ADDED from src/main/AndroidManifest.xml:67:9-69:65
	android:label
		ADDED from src/main/AndroidManifest.xml:69:13-62
	android:name
		ADDED from src/main/AndroidManifest.xml:68:13-38
activity#me.shubhamsingh.javaforeverybody.QandA_eleven
ADDED from src/main/AndroidManifest.xml:70:9-72:68
	android:label
		ADDED from src/main/AndroidManifest.xml:72:13-65
	android:name
		ADDED from src/main/AndroidManifest.xml:71:13-41
activity#me.shubhamsingh.javaforeverybody.QandA_twelve
ADDED from src/main/AndroidManifest.xml:73:9-75:68
	android:label
		ADDED from src/main/AndroidManifest.xml:75:13-65
	android:name
		ADDED from src/main/AndroidManifest.xml:74:13-41
activity#me.shubhamsingh.javaforeverybody.QandA_thirteen
ADDED from src/main/AndroidManifest.xml:76:9-78:70
	android:label
		ADDED from src/main/AndroidManifest.xml:78:13-67
	android:name
		ADDED from src/main/AndroidManifest.xml:77:13-43
activity#me.shubhamsingh.javaforeverybody.QandA_fourteen
ADDED from src/main/AndroidManifest.xml:79:9-81:70
	android:label
		ADDED from src/main/AndroidManifest.xml:81:13-67
	android:name
		ADDED from src/main/AndroidManifest.xml:80:13-43
activity#me.shubhamsingh.javaforeverybody.QandA_fifteen
ADDED from src/main/AndroidManifest.xml:82:9-84:69
	android:label
		ADDED from src/main/AndroidManifest.xml:84:13-66
	android:name
		ADDED from src/main/AndroidManifest.xml:83:13-42
activity#me.shubhamsingh.javaforeverybody.QandA_sixteen
ADDED from src/main/AndroidManifest.xml:85:9-87:69
	android:label
		ADDED from src/main/AndroidManifest.xml:87:13-66
	android:name
		ADDED from src/main/AndroidManifest.xml:86:13-42
activity#me.shubhamsingh.javaforeverybody.QandA_seventeen
ADDED from src/main/AndroidManifest.xml:88:9-90:71
	android:label
		ADDED from src/main/AndroidManifest.xml:90:13-68
	android:name
		ADDED from src/main/AndroidManifest.xml:89:13-44
activity#me.shubhamsingh.javaforeverybody.QandA_eighteen
ADDED from src/main/AndroidManifest.xml:91:9-93:70
	android:label
		ADDED from src/main/AndroidManifest.xml:93:13-67
	android:name
		ADDED from src/main/AndroidManifest.xml:92:13-43
activity#me.shubhamsingh.javaforeverybody.QandA_nineteen
ADDED from src/main/AndroidManifest.xml:94:9-96:70
	android:label
		ADDED from src/main/AndroidManifest.xml:96:13-67
	android:name
		ADDED from src/main/AndroidManifest.xml:95:13-43
activity#me.shubhamsingh.javaforeverybody.QandA_twenty
ADDED from src/main/AndroidManifest.xml:97:9-99:68
	android:label
		ADDED from src/main/AndroidManifest.xml:99:13-65
	android:name
		ADDED from src/main/AndroidManifest.xml:98:13-41
activity#me.shubhamsingh.javaforeverybody.QandA_twentyone
ADDED from src/main/AndroidManifest.xml:100:9-102:71
	android:label
		ADDED from src/main/AndroidManifest.xml:102:13-68
	android:name
		ADDED from src/main/AndroidManifest.xml:101:13-44
activity#me.shubhamsingh.javaforeverybody.QandA_twentytwo
ADDED from src/main/AndroidManifest.xml:103:9-105:71
	android:label
		ADDED from src/main/AndroidManifest.xml:105:13-68
	android:name
		ADDED from src/main/AndroidManifest.xml:104:13-44
activity#me.shubhamsingh.javaforeverybody.QandA_twentythree
ADDED from src/main/AndroidManifest.xml:106:9-108:73
	android:label
		ADDED from src/main/AndroidManifest.xml:108:13-70
	android:name
		ADDED from src/main/AndroidManifest.xml:107:13-46
activity#me.shubhamsingh.javaforeverybody.QandA_twentyfour
ADDED from src/main/AndroidManifest.xml:109:9-111:72
	android:label
		ADDED from src/main/AndroidManifest.xml:111:13-69
	android:name
		ADDED from src/main/AndroidManifest.xml:110:13-45
activity#me.shubhamsingh.javaforeverybody.QandA_twentyfive
ADDED from src/main/AndroidManifest.xml:112:9-114:72
	android:label
		ADDED from src/main/AndroidManifest.xml:114:13-69
	android:name
		ADDED from src/main/AndroidManifest.xml:113:13-45
activity#me.shubhamsingh.javaforeverybody.QandA_twentysix
ADDED from src/main/AndroidManifest.xml:115:9-117:71
	android:label
		ADDED from src/main/AndroidManifest.xml:117:13-68
	android:name
		ADDED from src/main/AndroidManifest.xml:116:13-44
activity#me.shubhamsingh.javaforeverybody.QandA_twentyseven
ADDED from src/main/AndroidManifest.xml:118:9-120:73
	android:label
		ADDED from src/main/AndroidManifest.xml:120:13-70
	android:name
		ADDED from src/main/AndroidManifest.xml:119:13-46
activity#me.shubhamsingh.javaforeverybody.QandA_twentyeight
ADDED from src/main/AndroidManifest.xml:121:9-123:73
	android:label
		ADDED from src/main/AndroidManifest.xml:123:13-70
	android:name
		ADDED from src/main/AndroidManifest.xml:122:13-46
activity#me.shubhamsingh.javaforeverybody.QandA_twentynine
ADDED from src/main/AndroidManifest.xml:124:9-126:72
	android:label
		ADDED from src/main/AndroidManifest.xml:126:13-69
	android:name
		ADDED from src/main/AndroidManifest.xml:125:13-45
activity#me.shubhamsingh.javaforeverybody.QandA_thirty
ADDED from src/main/AndroidManifest.xml:127:9-129:68
	android:label
		ADDED from src/main/AndroidManifest.xml:129:13-65
	android:name
		ADDED from src/main/AndroidManifest.xml:128:13-41
activity#me.shubhamsingh.javaforeverybody.QandA_thirtyone
ADDED from src/main/AndroidManifest.xml:130:9-132:71
	android:label
		ADDED from src/main/AndroidManifest.xml:132:13-68
	android:name
		ADDED from src/main/AndroidManifest.xml:131:13-44
activity#me.shubhamsingh.javaforeverybody.QandA_thirtytwo
ADDED from src/main/AndroidManifest.xml:133:9-135:71
	android:label
		ADDED from src/main/AndroidManifest.xml:135:13-68
	android:name
		ADDED from src/main/AndroidManifest.xml:134:13-44
activity#me.shubhamsingh.javaforeverybody.QandA_thirtythree
ADDED from src/main/AndroidManifest.xml:136:9-138:73
	android:label
		ADDED from src/main/AndroidManifest.xml:138:13-70
	android:name
		ADDED from src/main/AndroidManifest.xml:137:13-46
activity#me.shubhamsingh.javaforeverybody.QandA_thirtyfour
ADDED from src/main/AndroidManifest.xml:139:9-141:72
	android:label
		ADDED from src/main/AndroidManifest.xml:141:13-69
	android:name
		ADDED from src/main/AndroidManifest.xml:140:13-45
activity#me.shubhamsingh.javaforeverybody.QandA_thirtyfive
ADDED from src/main/AndroidManifest.xml:142:9-144:72
	android:label
		ADDED from src/main/AndroidManifest.xml:144:13-69
	android:name
		ADDED from src/main/AndroidManifest.xml:143:13-45
activity#me.shubhamsingh.javaforeverybody.Programs
ADDED from src/main/AndroidManifest.xml:145:9-147:63
	android:label
		ADDED from src/main/AndroidManifest.xml:147:13-60
	android:name
		ADDED from src/main/AndroidManifest.xml:146:13-37
activity#me.shubhamsingh.javaforeverybody.Program_first
ADDED from src/main/AndroidManifest.xml:148:9-150:68
	android:label
		ADDED from src/main/AndroidManifest.xml:150:13-65
	android:name
		ADDED from src/main/AndroidManifest.xml:149:13-42
activity#me.shubhamsingh.javaforeverybody.Program_second
ADDED from src/main/AndroidManifest.xml:151:9-153:69
	android:label
		ADDED from src/main/AndroidManifest.xml:153:13-66
	android:name
		ADDED from src/main/AndroidManifest.xml:152:13-43
activity#me.shubhamsingh.javaforeverybody.Program_third
ADDED from src/main/AndroidManifest.xml:154:9-156:68
	android:label
		ADDED from src/main/AndroidManifest.xml:156:13-65
	android:name
		ADDED from src/main/AndroidManifest.xml:155:13-42
activity#me.shubhamsingh.javaforeverybody.Program_four
ADDED from src/main/AndroidManifest.xml:157:9-159:67
	android:label
		ADDED from src/main/AndroidManifest.xml:159:13-64
	android:name
		ADDED from src/main/AndroidManifest.xml:158:13-41
activity#me.shubhamsingh.javaforeverybody.Program_five
ADDED from src/main/AndroidManifest.xml:160:9-162:67
	android:label
		ADDED from src/main/AndroidManifest.xml:162:13-64
	android:name
		ADDED from src/main/AndroidManifest.xml:161:13-41
activity#me.shubhamsingh.javaforeverybody.Program_six
ADDED from src/main/AndroidManifest.xml:163:9-165:66
	android:label
		ADDED from src/main/AndroidManifest.xml:165:13-63
	android:name
		ADDED from src/main/AndroidManifest.xml:164:13-40
activity#me.shubhamsingh.javaforeverybody.Program_seven
ADDED from src/main/AndroidManifest.xml:166:9-168:68
	android:label
		ADDED from src/main/AndroidManifest.xml:168:13-65
	android:name
		ADDED from src/main/AndroidManifest.xml:167:13-42
activity#me.shubhamsingh.javaforeverybody.Program_eight
ADDED from src/main/AndroidManifest.xml:169:9-171:68
	android:label
		ADDED from src/main/AndroidManifest.xml:171:13-65
	android:name
		ADDED from src/main/AndroidManifest.xml:170:13-42
service#me.shubhamsingh.javaforeverybody.MyFirebaseMessagingService
ADDED from src/main/AndroidManifest.xml:173:9-177:19
	android:name
		ADDED from src/main/AndroidManifest.xml:173:18-60
intent-filter#com.google.firebase.MESSAGING_EVENT
ADDED from src/main/AndroidManifest.xml:174:13-176:29
action#com.google.firebase.MESSAGING_EVENT
ADDED from src/main/AndroidManifest.xml:175:17-78
	android:name
		ADDED from src/main/AndroidManifest.xml:175:25-75
activity#me.shubhamsingh.javaforeverybody.Program_nine
ADDED from src/main/AndroidManifest.xml:179:9-181:67
	android:label
		ADDED from src/main/AndroidManifest.xml:181:13-64
	android:name
		ADDED from src/main/AndroidManifest.xml:180:13-41
activity#me.shubhamsingh.javaforeverybody.Program_ten
ADDED from src/main/AndroidManifest.xml:182:9-184:66
	android:label
		ADDED from src/main/AndroidManifest.xml:184:13-63
	android:name
		ADDED from src/main/AndroidManifest.xml:183:13-40
activity#me.shubhamsingh.javaforeverybody.Program_eleven
ADDED from src/main/AndroidManifest.xml:185:9-187:69
	android:label
		ADDED from src/main/AndroidManifest.xml:187:13-66
	android:name
		ADDED from src/main/AndroidManifest.xml:186:13-43
activity#me.shubhamsingh.javaforeverybody.Program_twelve
ADDED from src/main/AndroidManifest.xml:188:9-190:69
	android:label
		ADDED from src/main/AndroidManifest.xml:190:13-66
	android:name
		ADDED from src/main/AndroidManifest.xml:189:13-43
activity#me.shubhamsingh.javaforeverybody.Program_thirteen
ADDED from src/main/AndroidManifest.xml:191:9-193:71
	android:label
		ADDED from src/main/AndroidManifest.xml:193:13-68
	android:name
		ADDED from src/main/AndroidManifest.xml:192:13-45
activity#me.shubhamsingh.javaforeverybody.Program_fourteen
ADDED from src/main/AndroidManifest.xml:194:9-196:71
	android:label
		ADDED from src/main/AndroidManifest.xml:196:13-68
	android:name
		ADDED from src/main/AndroidManifest.xml:195:13-45
activity#me.shubhamsingh.javaforeverybody.Program_fifteen
ADDED from src/main/AndroidManifest.xml:197:9-199:70
	android:label
		ADDED from src/main/AndroidManifest.xml:199:13-67
	android:name
		ADDED from src/main/AndroidManifest.xml:198:13-44
activity#me.shubhamsingh.javaforeverybody.Program_sixteen
ADDED from src/main/AndroidManifest.xml:200:9-202:70
	android:label
		ADDED from src/main/AndroidManifest.xml:202:13-67
	android:name
		ADDED from src/main/AndroidManifest.xml:201:13-44
activity#me.shubhamsingh.javaforeverybody.Program_seventeen
ADDED from src/main/AndroidManifest.xml:203:9-205:72
	android:label
		ADDED from src/main/AndroidManifest.xml:205:13-69
	android:name
		ADDED from src/main/AndroidManifest.xml:204:13-46
activity#me.shubhamsingh.javaforeverybody.Program_eighteen
ADDED from src/main/AndroidManifest.xml:206:9-208:71
	android:label
		ADDED from src/main/AndroidManifest.xml:208:13-68
	android:name
		ADDED from src/main/AndroidManifest.xml:207:13-45
activity#me.shubhamsingh.javaforeverybody.Program_nineteen
ADDED from src/main/AndroidManifest.xml:209:9-211:71
	android:label
		ADDED from src/main/AndroidManifest.xml:211:13-68
	android:name
		ADDED from src/main/AndroidManifest.xml:210:13-45
activity#me.shubhamsingh.javaforeverybody.Program_twenty
ADDED from src/main/AndroidManifest.xml:212:9-214:69
	android:label
		ADDED from src/main/AndroidManifest.xml:214:13-66
	android:name
		ADDED from src/main/AndroidManifest.xml:213:13-43
activity#me.shubhamsingh.javaforeverybody.Program_twentyone
ADDED from src/main/AndroidManifest.xml:215:9-217:72
	android:label
		ADDED from src/main/AndroidManifest.xml:217:13-69
	android:name
		ADDED from src/main/AndroidManifest.xml:216:13-46
activity#me.shubhamsingh.javaforeverybody.Program_twentytwo
ADDED from src/main/AndroidManifest.xml:218:9-220:72
	android:label
		ADDED from src/main/AndroidManifest.xml:220:13-69
	android:name
		ADDED from src/main/AndroidManifest.xml:219:13-46
activity#me.shubhamsingh.javaforeverybody.QandA_thirtysix
ADDED from src/main/AndroidManifest.xml:221:9-53
	android:name
		ADDED from src/main/AndroidManifest.xml:221:19-50
activity#me.shubhamsingh.javaforeverybody.Program_twentythree
ADDED from src/main/AndroidManifest.xml:222:9-66
	android:name
		ADDED from src/main/AndroidManifest.xml:222:19-54
uses-sdk
INJECTED from src/main/AndroidManifest.xml reason: use-sdk injection requested
MERGED from [com.android.support:design:23.4.0] AndroidManifest.xml:20:5-43
MERGED from [com.android.support:recyclerview-v7:23.4.0] AndroidManifest.xml:20:5-43
MERGED from [com.android.support:appcompat-v7:23.4.0] AndroidManifest.xml:21:5-23:78
MERGED from [com.android.support:animated-vector-drawable:23.4.0] AndroidManifest.xml:5:5-44
MERGED from [com.android.support:support-vector-drawable:23.4.0] AndroidManifest.xml:5:5-43
MERGED from [com.google.firebase:firebase-core:10.2.0] AndroidManifest.xml:4:5-43
MERGED from [com.google.firebase:firebase-analytics:10.2.0] AndroidManifest.xml:17:5-43
MERGED from [com.google.firebase:firebase-analytics-impl:10.2.0] AndroidManifest.xml:17:5-43
MERGED from [com.google.firebase:firebase-messaging:10.2.0] AndroidManifest.xml:17:5-43
MERGED from [com.google.firebase:firebase-iid:10.2.0] AndroidManifest.xml:17:5-43
MERGED from [com.google.firebase:firebase-common:10.2.0] AndroidManifest.xml:3:5-43
MERGED from [com.google.android.gms:play-services-tasks:10.2.0] AndroidManifest.xml:3:5-43
MERGED from [com.google.android.gms:play-services-basement:10.2.0] AndroidManifest.xml:17:5-43
MERGED from [com.android.support:support-v4:24.0.0] AndroidManifest.xml:21:5-23:54
MERGED from [com.android.support:cardview-v7:23.4.0] AndroidManifest.xml:20:5-43
	tools:overrideLibrary
		ADDED from [com.android.support:appcompat-v7:23.4.0] AndroidManifest.xml:23:9-75
	android:targetSdkVersion
		INJECTED from src/main/AndroidManifest.xml
		INJECTED from src/main/AndroidManifest.xml
	android:minSdkVersion
		INJECTED from src/main/AndroidManifest.xml
		INJECTED from src/main/AndroidManifest.xml
uses-permission#android.permission.INTERNET
ADDED from [com.google.firebase:firebase-analytics:10.2.0] AndroidManifest.xml:20:5-66
MERGED from [com.google.firebase:firebase-analytics-impl:10.2.0] AndroidManifest.xml:20:5-66
MERGED from [com.google.firebase:firebase-iid:10.2.0] AndroidManifest.xml:20:5-66
	android:name
		ADDED from [com.google.firebase:firebase-analytics:10.2.0] AndroidManifest.xml:20:22-64
uses-permission#android.permission.ACCESS_NETWORK_STATE
ADDED from [com.google.firebase:firebase-analytics:10.2.0] AndroidManifest.xml:21:5-78
MERGED from [com.google.firebase:firebase-analytics-impl:10.2.0] AndroidManifest.xml:21:5-78
MERGED from [com.google.firebase:firebase-iid:10.2.0] AndroidManifest.xml:19:5-78
	android:name
		ADDED from [com.google.firebase:firebase-analytics:10.2.0] AndroidManifest.xml:21:22-76
uses-permission#android.permission.WAKE_LOCK
ADDED from [com.google.firebase:firebase-analytics:10.2.0] AndroidManifest.xml:22:5-67
MERGED from [com.google.firebase:firebase-analytics-impl:10.2.0] AndroidManifest.xml:22:5-67
MERGED from [com.google.firebase:firebase-iid:10.2.0] AndroidManifest.xml:21:5-67
	android:name
		ADDED from [com.google.firebase:firebase-analytics:10.2.0] AndroidManifest.xml:22:22-65
receiver#com.google.android.gms.measurement.AppMeasurementReceiver
ADDED from [com.google.firebase:firebase-analytics:10.2.0] AndroidManifest.xml:25:7-26:18
MERGED from [com.google.firebase:firebase-analytics-impl:10.2.0] AndroidManifest.xml:25:7-26:18
	android:enabled
		ADDED from [com.google.firebase:firebase-analytics:10.2.0] AndroidManifest.xml:25:90-112
	android:exported
		ADDED from [com.google.firebase:firebase-analytics:10.2.0] AndroidManifest.xml:25:113-137
	android:name
		ADDED from [com.google.firebase:firebase-analytics:10.2.0] AndroidManifest.xml:25:17-89
receiver#com.google.android.gms.measurement.AppMeasurementInstallReferrerReceiver
ADDED from [com.google.firebase:firebase-analytics:10.2.0] AndroidManifest.xml:27:7-31:18
	android:enabled
		ADDED from [com.google.firebase:firebase-analytics:10.2.0] AndroidManifest.xml:27:162-184
	android:permission
		ADDED from [com.google.firebase:firebase-analytics:10.2.0] AndroidManifest.xml:27:105-161
	android:name
		ADDED from [com.google.firebase:firebase-analytics:10.2.0] AndroidManifest.xml:27:17-104
intent-filter#com.android.vending.INSTALL_REFERRER
ADDED from [com.google.firebase:firebase-analytics:10.2.0] AndroidManifest.xml:28:11-30:27
action#com.android.vending.INSTALL_REFERRER
ADDED from [com.google.firebase:firebase-analytics:10.2.0] AndroidManifest.xml:29:15-76
	android:name
		ADDED from [com.google.firebase:firebase-analytics:10.2.0] AndroidManifest.xml:29:23-74
service#com.google.android.gms.measurement.AppMeasurementService
ADDED from [com.google.firebase:firebase-analytics:10.2.0] AndroidManifest.xml:32:7-137
MERGED from [com.google.firebase:firebase-analytics-impl:10.2.0] AndroidManifest.xml:27:7-137
	android:enabled
		ADDED from [com.google.firebase:firebase-analytics:10.2.0] AndroidManifest.xml:32:88-110
	android:exported
		ADDED from [com.google.firebase:firebase-analytics:10.2.0] AndroidManifest.xml:32:111-135
	android:name
		ADDED from [com.google.firebase:firebase-analytics:10.2.0] AndroidManifest.xml:32:16-87
service#com.google.firebase.messaging.FirebaseMessagingService
ADDED from [com.google.firebase:firebase-messaging:10.2.0] AndroidManifest.xml:23:9-27:19
	android:exported
		ADDED from [com.google.firebase:firebase-messaging:10.2.0] AndroidManifest.xml:23:88-111
	android:name
		ADDED from [com.google.firebase:firebase-messaging:10.2.0] AndroidManifest.xml:23:18-87
uses-permission#com.google.android.c2dm.permission.RECEIVE
ADDED from [com.google.firebase:firebase-iid:10.2.0] AndroidManifest.xml:22:5-81
	android:name
		ADDED from [com.google.firebase:firebase-iid:10.2.0] AndroidManifest.xml:22:22-79
permission#${applicationId}.permission.C2D_MESSAGE
ADDED from [com.google.firebase:firebase-iid:10.2.0] AndroidManifest.xml:24:5-109
	android:protectionLevel
		ADDED from [com.google.firebase:firebase-iid:10.2.0] AndroidManifest.xml:24:72-107
	android:name
		ADDED from [com.google.firebase:firebase-iid:10.2.0] AndroidManifest.xml:24:17-71
uses-permission#${applicationId}.permission.C2D_MESSAGE
ADDED from [com.google.firebase:firebase-iid:10.2.0] AndroidManifest.xml:26:5-78
	android:name
		ADDED from [com.google.firebase:firebase-iid:10.2.0] AndroidManifest.xml:26:22-76
receiver#com.google.firebase.iid.FirebaseInstanceIdReceiver
ADDED from [com.google.firebase:firebase-iid:10.2.0] AndroidManifest.xml:30:9-36:20
	android:exported
		ADDED from [com.google.firebase:firebase-iid:10.2.0] AndroidManifest.xml:30:85-108
	android:permission
		ADDED from [com.google.firebase:firebase-iid:10.2.0] AndroidManifest.xml:30:109-169
	android:name
		ADDED from [com.google.firebase:firebase-iid:10.2.0] AndroidManifest.xml:30:19-84
intent-filter#${applicationId}+com.google.android.c2dm.intent.RECEIVE+com.google.android.c2dm.intent.REGISTRATION
ADDED from [com.google.firebase:firebase-iid:10.2.0] AndroidManifest.xml:31:13-35:29
action#com.google.android.c2dm.intent.RECEIVE
ADDED from [com.google.firebase:firebase-iid:10.2.0] AndroidManifest.xml:32:17-80
	android:name
		ADDED from [com.google.firebase:firebase-iid:10.2.0] AndroidManifest.xml:32:25-78
action#com.google.android.c2dm.intent.REGISTRATION
ADDED from [com.google.firebase:firebase-iid:10.2.0] AndroidManifest.xml:33:17-85
	android:name
		ADDED from [com.google.firebase:firebase-iid:10.2.0] AndroidManifest.xml:33:25-83
category#${applicationId}
ADDED from [com.google.firebase:firebase-iid:10.2.0] AndroidManifest.xml:34:17-60
	android:name
		ADDED from [com.google.firebase:firebase-iid:10.2.0] AndroidManifest.xml:34:27-58
receiver#com.google.firebase.iid.FirebaseInstanceIdInternalReceiver
ADDED from [com.google.firebase:firebase-iid:10.2.0] AndroidManifest.xml:40:9-119
	android:exported
		ADDED from [com.google.firebase:firebase-iid:10.2.0] AndroidManifest.xml:40:93-117
	android:name
		ADDED from [com.google.firebase:firebase-iid:10.2.0] AndroidManifest.xml:40:19-92
service#com.google.firebase.iid.FirebaseInstanceIdService
ADDED from [com.google.firebase:firebase-iid:10.2.0] AndroidManifest.xml:44:9-48:19
	android:exported
		ADDED from [com.google.firebase:firebase-iid:10.2.0] AndroidManifest.xml:44:83-106
	android:name
		ADDED from [com.google.firebase:firebase-iid:10.2.0] AndroidManifest.xml:44:18-82
intent-filter#com.google.firebase.INSTANCE_ID_EVENT
ADDED from [com.google.firebase:firebase-iid:10.2.0] AndroidManifest.xml:45:13-47:29
	android:priority
		ADDED from [com.google.firebase:firebase-iid:10.2.0] AndroidManifest.xml:45:28-51
action#com.google.firebase.INSTANCE_ID_EVENT
ADDED from [com.google.firebase:firebase-iid:10.2.0] AndroidManifest.xml:46:17-79
	android:name
		ADDED from [com.google.firebase:firebase-iid:10.2.0] AndroidManifest.xml:46:25-77
provider#com.google.firebase.provider.FirebaseInitProvider
ADDED from [com.google.firebase:firebase-common:10.2.0] AndroidManifest.xml:6:9-194
	android:authorities
		ADDED from [com.google.firebase:firebase-common:10.2.0] AndroidManifest.xml:6:19-78
	android:exported
		ADDED from [com.google.firebase:firebase-common:10.2.0] AndroidManifest.xml:6:144-168
	android:initOrder
		ADDED from [com.google.firebase:firebase-common:10.2.0] AndroidManifest.xml:6:169-192
	android:name
		ADDED from [com.google.firebase:firebase-common:10.2.0] AndroidManifest.xml:6:79-143
meta-data#com.google.android.gms.version
ADDED from [com.google.android.gms:play-services-basement:10.2.0] AndroidManifest.xml:20:9-121
	android:value
		ADDED from [com.google.android.gms:play-services-basement:10.2.0] AndroidManifest.xml:20:66-119
	android:name
		ADDED from [com.google.android.gms:play-services-basement:10.2.0] AndroidManifest.xml:20:20-65